
     Program FERMI v.6.7MaX starts on  2Jul2021 at 10: 1:12 

     This program is part of the open-source Quantum ESPRESSO suite
     for quantum simulation of materials; please cite
         "P. Giannozzi et al., J. Phys.:Condens. Matter 21 395502 (2009);
         "P. Giannozzi et al., J. Phys.:Condens. Matter 29 465901 (2017);
          URL http://www.quantum-espresso.org", 
     in publications or presentations arising from this work. More details at
     http://www.quantum-espresso.org/quote

     Serial version

     Reading xml data from directory:

     /home/elena/AEP_DFT/DFT/tmp/fermi/Pb.save/
     file Pb.pbe-dn-rrkjus_psl.1.0.0.UPF: wavefunction(s)  6S 5D renormalized

     IMPORTANT: XC functional enforced from input :
     Exchange-correlation= PBE
                           (   1   4   3   4   0   0   0)
     Any further DFT definition will be discarded
     Please, verify this is what you really want


     G-vector sticks info
     --------------------
     sticks:   dense  smooth     PW     G-vecs:    dense   smooth      PW
     Sum        1639     823    253                43895    15593    2685

        2 bands found crossing Ef =   11.940571

     FERMI        :      2.86s CPU      3.05s WALL


   This run was terminated on:  10: 1:15   2Jul2021            

=------------------------------------------------------------------------------=
   JOB DONE.
=------------------------------------------------------------------------------=
